<?xml version="1.0" encoding="UTF-8"?>
<testsuite name="one.digitalinnovationon.junit.EscolherOrdemTeste" tests="4" skipped="0" failures="0" errors="0" timestamp="2022-04-02T20:42:17" hostname="DESKTOP-89L5DO7" time="0.113">
  <properties/>
  <testcase name="X - Texto do caso de teste" classname="one.digitalinnovationon.junit.EscolherOrdemTeste" time="0.09"/>
  <testcase name="validaFluxoB()" classname="one.digitalinnovationon.junit.EscolherOrdemTeste" time="0.002"/>
  <testcase name="validaFluxoC()" classname="one.digitalinnovationon.junit.EscolherOrdemTeste" time="0.003"/>
  <testcase name="validaFluxoD()" classname="one.digitalinnovationon.junit.EscolherOrdemTeste" time="0.006"/>
  <system-out><![CDATA[]]></system-out>
  <system-err><![CDATA[]]></system-err>
</testsuite>
